{"/Users/sambadiallo/Documents/git/2025/test/node-jest-unit-testing/src/maths/math.ts": {"path":"/Users/sambadiallo/Documents/git/2025/test/node-jest-unit-testing/src/maths/math.ts","statementMap":{"0":{"start":{"line":1,"column":12},"end":{"line":3,"column":1}},"1":{"start":{"line":2,"column":2},"end":{"line":2,"column":null}},"2":{"start":{"line":9,"column":9},"end":{"line":9,"column":12}},"3":{"start":{"line":5,"column":24},"end":{"line":7,"column":1}},"4":{"start":{"line":6,"column":2},"end":{"line":6,"column":null}},"5":{"start":{"line":5,"column":13},"end":{"line":5,"column":24}}},"fnMap":{"0":{"name":"(anonymous_0)","decl":{"start":{"line":1,"column":12},"end":{"line":1,"column":13}},"loc":{"start":{"line":1,"column":37},"end":{"line":3,"column":1}}},"1":{"name":"(anonymous_1)","decl":{"start":{"line":5,"column":24},"end":{"line":5,"column":25}},"loc":{"start":{"line":5,"column":49},"end":{"line":7,"column":1}}}},"branchMap":{},"s":{"0":1,"1":1,"2":1,"3":1,"4":1,"5":1},"f":{"0":1,"1":1},"b":{}}
,"/Users/sambadiallo/Documents/git/2025/test/node-jest-unit-testing/src/services/fetchData.ts": {"path":"/Users/sambadiallo/Documents/git/2025/test/node-jest-unit-testing/src/services/fetchData.ts","statementMap":{"0":{"start":{"line":1,"column":0},"end":{"line":1,"column":25}},"1":{"start":{"line":3,"column":18},"end":{"line":6,"column":null}},"2":{"start":{"line":3,"column":40},"end":{"line":6,"column":null}},"3":{"start":{"line":4,"column":19},"end":{"line":4,"column":39}},"4":{"start":{"line":5,"column":2},"end":{"line":5,"column":null}},"5":{"start":{"line":8,"column":9},"end":{"line":8,"column":18}}},"fnMap":{"0":{"name":"(anonymous_8)","decl":{"start":{"line":3,"column":18},"end":{"line":3,"column":25}},"loc":{"start":{"line":3,"column":40},"end":{"line":6,"column":null}}},"1":{"name":"(anonymous_9)","decl":{"start":{"line":3,"column":40},"end":{"line":3,"column":null}},"loc":{"start":{"line":3,"column":40},"end":{"line":6,"column":1}}}},"branchMap":{},"s":{"0":2,"1":2,"2":2,"3":2,"4":1,"5":2},"f":{"0":2,"1":2},"b":{}}
,"/Users/sambadiallo/Documents/git/2025/test/node-jest-unit-testing/src/services/user.ts": {"path":"/Users/sambadiallo/Documents/git/2025/test/node-jest-unit-testing/src/services/user.ts","statementMap":{"0":{"start":{"line":1,"column":0},"end":{"line":1,"column":39}},"1":{"start":{"line":10,"column":27},"end":{"line":14,"column":null}},"2":{"start":{"line":10,"column":52},"end":{"line":14,"column":null}},"3":{"start":{"line":11,"column":14},"end":{"line":11,"column":68}},"4":{"start":{"line":12,"column":15},"end":{"line":12,"column":35}},"5":{"start":{"line":13,"column":2},"end":{"line":13,"column":null}},"6":{"start":{"line":10,"column":13},"end":{"line":10,"column":27}},"7":{"start":{"line":16,"column":40},"end":{"line":24,"column":null}},"8":{"start":{"line":16,"column":65},"end":{"line":24,"column":null}},"9":{"start":{"line":17,"column":2},"end":{"line":23,"column":3}},"10":{"start":{"line":18,"column":16},"end":{"line":18,"column":70}},"11":{"start":{"line":19,"column":17},"end":{"line":19,"column":37}},"12":{"start":{"line":20,"column":4},"end":{"line":20,"column":null}},"13":{"start":{"line":22,"column":4},"end":{"line":22,"column":null}},"14":{"start":{"line":16,"column":13},"end":{"line":16,"column":40}}},"fnMap":{"0":{"name":"(anonymous_7)","decl":{"start":{"line":10,"column":27},"end":{"line":10,"column":34}},"loc":{"start":{"line":10,"column":52},"end":{"line":14,"column":null}}},"1":{"name":"(anonymous_8)","decl":{"start":{"line":10,"column":52},"end":{"line":10,"column":null}},"loc":{"start":{"line":10,"column":52},"end":{"line":14,"column":1}}},"2":{"name":"(anonymous_9)","decl":{"start":{"line":16,"column":40},"end":{"line":16,"column":47}},"loc":{"start":{"line":16,"column":65},"end":{"line":24,"column":null}}},"3":{"name":"(anonymous_10)","decl":{"start":{"line":16,"column":65},"end":{"line":16,"column":null}},"loc":{"start":{"line":16,"column":65},"end":{"line":24,"column":1}}}},"branchMap":{},"s":{"0":1,"1":1,"2":2,"3":2,"4":2,"5":2,"6":1,"7":1,"8":0,"9":0,"10":0,"11":0,"12":0,"13":0,"14":1},"f":{"0":2,"1":2,"2":0,"3":0},"b":{}}
}
