TN:
SF:src/maths/math.ts
FN:1,(anonymous_0)
FN:5,(anonymous_1)
FNF:2
FNH:2
FNDA:2,(anonymous_0)
FNDA:2,(anonymous_1)
DA:1,1
DA:2,2
DA:5,1
DA:6,2
DA:9,1
LF:5
LH:5
BRF:0
BRH:0
end_of_record
TN:
SF:src/services/fetchData.ts
FN:9,(anonymous_8)
FN:9,(anonymous_9)
FN:17,(anonymous_10)
FN:18,(anonymous_11)
FN:19,(anonymous_12)
FN:25,(anonymous_13)
FN:26,(anonymous_14)
FNF:7
FNH:7
FNDA:2,(anonymous_8)
FNDA:2,(anonymous_9)
FNDA:1,(anonymous_10)
FNDA:1,(anonymous_11)
FNDA:1,(anonymous_12)
FNDA:1,(anonymous_13)
FNDA:1,(anonymous_14)
DA:1,2
DA:9,2
DA:10,2
DA:11,1
DA:17,2
DA:18,1
DA:19,1
DA:20,1
DA:25,2
DA:26,1
DA:27,1
DA:31,2
LF:12
LH:12
BRF:0
BRH:0
end_of_record
TN:
SF:src/services/user.ts
FN:10,(anonymous_7)
FN:10,(anonymous_8)
FN:16,(anonymous_9)
FN:16,(anonymous_10)
FNF:4
FNH:2
FNDA:2,(anonymous_7)
FNDA:2,(anonymous_8)
FNDA:0,(anonymous_9)
FNDA:0,(anonymous_10)
DA:1,1
DA:10,2
DA:11,2
DA:12,2
DA:13,2
DA:16,1
DA:17,0
DA:18,0
DA:19,0
DA:20,0
DA:22,0
LF:11
LH:6
BRF:0
BRH:0
end_of_record
